c:\users\carter miller\documents\github\engine\game\game\x64\release\vc142.pdb
c:\users\carter miller\documents\github\engine\game\game\x64\release\stb_image.obj
c:\users\carter miller\documents\github\engine\game\game\x64\release\main.obj
c:\users\carter miller\documents\github\engine\game\game\x64\release\window.obj
c:\users\carter miller\documents\github\engine\engine\game\game\x64\release\vc142.pdb
c:\users\carter miller\documents\github\engine\engine\game\game\x64\release\main.obj
c:\users\carter miller\documents\github\engine\game\x64\release\game.ipdb
c:\users\carter miller\documents\github\engine\game\x64\release\game.iobj
c:\users\carter miller\documents\github\engine\engine\game\x64\release\game.ipdb
c:\users\carter miller\documents\github\engine\engine\game\x64\release\game.iobj
c:\users\carter miller\documents\github\engine\game\x64\release\game.exe
c:\users\carter miller\documents\github\engine\game\x64\release\game.pdb
c:\users\carter miller\documents\github\engine\engine\game\x64\release\game.exe
c:\users\carter miller\documents\github\engine\engine\game\x64\release\game.pdb
c:\users\carter miller\documents\github\engine\engine\game\game\x64\release\stb_image.obj
c:\users\carter miller\documents\github\engine\engine\game\game\x64\release\window.obj
c:\users\carter miller\documents\github\engine\engine\game\game\x64\release\game.tlog\cl.command.1.tlog
c:\users\carter miller\documents\github\engine\engine\game\game\x64\release\game.tlog\cl.read.1.tlog
c:\users\carter miller\documents\github\engine\engine\game\game\x64\release\game.tlog\cl.write.1.tlog
c:\users\carter miller\documents\github\engine\engine\game\game\x64\release\game.tlog\game.write.1u.tlog
c:\users\carter miller\documents\github\engine\engine\game\game\x64\release\game.tlog\link.command.1.tlog
c:\users\carter miller\documents\github\engine\engine\game\game\x64\release\game.tlog\link.delete.1.tlog
c:\users\carter miller\documents\github\engine\engine\game\game\x64\release\game.tlog\link.read.1.tlog
c:\users\carter miller\documents\github\engine\engine\game\game\x64\release\game.tlog\link.write.1.tlog
