c:\users\carter miller\documents\github\engine\engine\game\imgui\x64\release\imgui.pdb
c:\users\carter miller\documents\github\engine\engine\game\imgui\x64\release\binary_to_compressed_c.obj
c:\users\carter miller\documents\github\engine\engine\game\imgui\x64\release\imgui_widgets.obj
c:\users\carter miller\documents\github\engine\engine\game\imgui\x64\release\imgui_draw.obj
c:\users\carter miller\documents\github\engine\engine\game\imgui\x64\release\imgui_demo.obj
c:\users\carter miller\documents\github\engine\engine\game\imgui\x64\release\imgui.obj
c:\users\carter miller\documents\github\engine\engine\game\imgui\x64\release\imgui_stdlib.obj
c:\users\carter miller\documents\github\engine\engine\game\imgui\x64\release\imgui_impl_win32.obj
c:\users\carter miller\documents\github\engine\engine\game\imgui\x64\release\imgui_impl_opengl2.obj
c:\users\carter miller\documents\github\engine\engine\game\imgui\x64\release\imgui_impl_dx9.obj
c:\users\carter miller\documents\github\engine\engine\game\imgui\x64\release\imgui_impl_dx12.obj
c:\users\carter miller\documents\github\engine\engine\game\imgui\x64\release\imgui_impl_dx11.obj
c:\users\carter miller\documents\github\engine\engine\game\imgui\x64\release\imgui_impl_dx10.obj
c:\users\carter miller\documents\github\engine\engine\game\x64\release\imgui.lib
c:\users\carter miller\documents\github\engine\engine\game\imgui\x64\release\imgui.tlog\cl.command.1.tlog
c:\users\carter miller\documents\github\engine\engine\game\imgui\x64\release\imgui.tlog\cl.read.1.tlog
c:\users\carter miller\documents\github\engine\engine\game\imgui\x64\release\imgui.tlog\cl.write.1.tlog
c:\users\carter miller\documents\github\engine\engine\game\imgui\x64\release\imgui.tlog\lib-link.read.1.tlog
c:\users\carter miller\documents\github\engine\engine\game\imgui\x64\release\imgui.tlog\lib-link.write.1.tlog
c:\users\carter miller\documents\github\engine\engine\game\imgui\x64\release\imgui.tlog\lib.command.1.tlog
